Using pre-set license
Built from '2021.3/staging' branch; Version is '2021.3.30f1 (b4360d7cdac4) revision 11810317'; Using compiler version '192829333'; Build Type 'Release'
OS: 'Windows 11  (10.0.22621) 64bit Core' Language: 'ja' Physical Memory: 16110 MB
BatchMode: 1, IsHumanControllingUs: 0, StartBugReporterOnCrash: 0, Is64bit: 1, IsPro: 1

COMMAND LINE ARGUMENTS:
C:\Program Files\Unity\Hub\Editor\2021.3.30f1\Editor\Unity.exe
-adb2
-batchMode
-noUpm
-name
AssetImportWorker3
-projectPath
C:/git projects/ButtleGame
-logFile
Logs/AssetImportWorker3.log
-srvPort
55556
Successfully changed project path to: C:/git projects/ButtleGame
C:/git projects/ButtleGame
[UnityMemory] Configuration Parameters - Can be set up in boot.config
    "memorysetup-bucket-allocator-granularity=16"
    "memorysetup-bucket-allocator-bucket-count=8"
    "memorysetup-bucket-allocator-block-size=33554432"
    "memorysetup-bucket-allocator-block-count=8"
    "memorysetup-main-allocator-block-size=16777216"
    "memorysetup-thread-allocator-block-size=16777216"
    "memorysetup-gfx-main-allocator-block-size=16777216"
    "memorysetup-gfx-thread-allocator-block-size=16777216"
    "memorysetup-cache-allocator-block-size=4194304"
    "memorysetup-typetree-allocator-block-size=2097152"
    "memorysetup-profiler-bucket-allocator-granularity=16"
    "memorysetup-profiler-bucket-allocator-bucket-count=8"
    "memorysetup-profiler-bucket-allocator-block-size=33554432"
    "memorysetup-profiler-bucket-allocator-block-count=8"
    "memorysetup-profiler-allocator-block-size=16777216"
    "memorysetup-profiler-editor-allocator-block-size=1048576"
    "memorysetup-temp-allocator-size-main=16777216"
    "memorysetup-job-temp-allocator-block-size=2097152"
    "memorysetup-job-temp-allocator-block-size-background=1048576"
    "memorysetup-job-temp-allocator-reduction-small-platforms=262144"
    "memorysetup-temp-allocator-size-background-worker=32768"
    "memorysetup-temp-allocator-size-job-worker=262144"
    "memorysetup-temp-allocator-size-preload-manager=33554432"
    "memorysetup-temp-allocator-size-nav-mesh-worker=65536"
    "memorysetup-temp-allocator-size-audio-worker=65536"
    "memorysetup-temp-allocator-size-cloud-worker=32768"
    "memorysetup-temp-allocator-size-gi-baking-worker=262144"
    "memorysetup-temp-allocator-size-gfx=262144"
Player connection [14496] Host "[IP] 192.168.56.1 [Port] 0 [Flags] 2 [Guid] 3563692409 [EditorId] 3563692409 [Version] 1048832 [Id] WindowsEditor(7,DESKTOP-NM50HR6) [Debug] 1 [PackageName] WindowsEditor [ProjectName] Editor" joined multi-casting on [225.0.0.222:54997]...

Player connection [14496] Host "[IP] 192.168.56.1 [Port] 0 [Flags] 2 [Guid] 3563692409 [EditorId] 3563692409 [Version] 1048832 [Id] WindowsEditor(7,DESKTOP-NM50HR6) [Debug] 1 [PackageName] WindowsEditor [ProjectName] Editor" joined alternative multi-casting on [225.0.0.222:34997]...

[Physics::Module] Initialized MultithreadedJobDispatcher with {0} workers.
Refreshing native plugins compatible for Editor in 140.84 ms, found 3 plugins.
Preloading 0 native plugins for Editor in 0.00 ms.
Initialize engine version: 2021.3.30f1 (b4360d7cdac4)
[Subsystems] Discovering subsystems at path C:/Program Files/Unity/Hub/Editor/2021.3.30f1/Editor/Data/Resources/UnitySubsystems
[Subsystems] Discovering subsystems at path C:/git projects/ButtleGame/Assets
GfxDevice: creating device client; threaded=0; jobified=0
Direct3D:
    Version:  Direct3D 11.0 [level 11.1]
    Renderer: NVIDIA GeForce RTX 3060 Laptop GPU (ID=0x2560)
    Vendor:   NVIDIA
    VRAM:     6009 MB
    Driver:   31.0.15.2879
Initialize mono
Mono path[0] = 'C:/Program Files/Unity/Hub/Editor/2021.3.30f1/Editor/Data/Managed'
Mono path[1] = 'C:/Program Files/Unity/Hub/Editor/2021.3.30f1/Editor/Data/MonoBleedingEdge/lib/mono/unityjit-win32'
Mono config path = 'C:/Program Files/Unity/Hub/Editor/2021.3.30f1/Editor/Data/MonoBleedingEdge/etc'
Using monoOptions --debugger-agent=transport=dt_socket,embedding=1,server=y,suspend=n,address=127.0.0.1:56900
Begin MonoManager ReloadAssembly
Registering precompiled unity dll's ...
Register platform support module: C:/Program Files/Unity/Hub/Editor/2021.3.30f1/Editor/Data/PlaybackEngines/WindowsStandaloneSupport/UnityEditor.WindowsStandalone.Extensions.dll
Registered in 0.008313 seconds.
Native extension for WindowsStandalone target not found
Refreshing native plugins compatible for Editor in 101.31 ms, found 3 plugins.
Preloading 0 native plugins for Editor in 0.00 ms.
Mono: successfully reloaded assembly
- Completed reload, in  0.902 seconds
Domain Reload Profiling:
	ReloadAssembly (902ms)
		BeginReloadAssembly (161ms)
			ExecutionOrderSort (0ms)
			DisableScriptedObjects (0ms)
			BackupInstance (0ms)
			ReleaseScriptingObjects (0ms)
			CreateAndSetChildDomain (2ms)
		EndReloadAssembly (591ms)
			LoadAssemblies (157ms)
			RebuildTransferFunctionScriptingTraits (0ms)
			SetupTypeCache (149ms)
			ReleaseScriptCaches (0ms)
			RebuildScriptCaches (37ms)
			SetupLoadedEditorAssemblies (347ms)
				LogAssemblyErrors (0ms)
				InitializePlatformSupportModulesInManaged (10ms)
				SetLoadedEditorAssemblies (0ms)
				RefreshPlugins (101ms)
				BeforeProcessingInitializeOnLoad (2ms)
				ProcessInitializeOnLoadAttributes (168ms)
				ProcessInitializeOnLoadMethodAttributes (66ms)
				AfterProcessingInitializeOnLoad (0ms)
				EditorAssembliesLoaded (0ms)
			ExecutionOrderSort2 (0ms)
			AwakeInstancesAfterBackupRestoration (0ms)
Platform modules already initialized, skipping
Registering precompiled user dll's ...
Registered in 0.007305 seconds.
Begin MonoManager ReloadAssembly
Native extension for WindowsStandalone target not found
Refreshing native plugins compatible for Editor in 88.92 ms, found 3 plugins.
Preloading 0 native plugins for Editor in 0.00 ms.
Package Manager log level set to [2]
[Package Manager] Server::EnsureServerProcessIsRunning -- launch failed, reason: Unity was launched with the -noUpm command-line argument
[Package Manager] Cannot connect to Unity Package Manager local server
Mono: successfully reloaded assembly
- Completed reload, in  2.041 seconds
Domain Reload Profiling:
	ReloadAssembly (2042ms)
		BeginReloadAssembly (195ms)
			ExecutionOrderSort (0ms)
			DisableScriptedObjects (7ms)
			BackupInstance (0ms)
			ReleaseScriptingObjects (0ms)
			CreateAndSetChildDomain (27ms)
		EndReloadAssembly (1699ms)
			LoadAssemblies (144ms)
			RebuildTransferFunctionScriptingTraits (0ms)
			SetupTypeCache (380ms)
			ReleaseScriptCaches (1ms)
			RebuildScriptCaches (63ms)
			SetupLoadedEditorAssemblies (1100ms)
				LogAssemblyErrors (0ms)
				InitializePlatformSupportModulesInManaged (4ms)
				SetLoadedEditorAssemblies (0ms)
				RefreshPlugins (89ms)
				BeforeProcessingInitializeOnLoad (121ms)
				ProcessInitializeOnLoadAttributes (850ms)
				ProcessInitializeOnLoadMethodAttributes (24ms)
				AfterProcessingInitializeOnLoad (11ms)
				EditorAssembliesLoaded (0ms)
			ExecutionOrderSort2 (0ms)
			AwakeInstancesAfterBackupRestoration (9ms)
Platform modules already initialized, skipping
========================================================================
Worker process is ready to serve import requests
Launched and connected shader compiler UnityShaderCompiler.exe after 0.11 seconds
Refreshing native plugins compatible for Editor in 0.83 ms, found 3 plugins.
Preloading 0 native plugins for Editor in 0.00 ms.
Unloading 3451 Unused Serialized files (Serialized files now loaded: 0)
Unloading 25 unused Assets / (47.0 KB). Loaded Objects now: 3914.
Memory consumption went from 124.2 MB to 124.2 MB.
Total: 4.628300 ms (FindLiveObjects: 0.445400 ms CreateObjectMapping: 0.146200 ms MarkObjects: 3.889100 ms  DeleteObjects: 0.144700 ms)

AssetImportParameters requested are different than current active one (requested -> active):
  custom:video-decoder-ogg-theora: a1e56fd34408186e4bbccfd4996cb3dc -> 
  custom:container-muxer-webm: aa71ff27fc2769a1b78a27578f13a17b -> 
  custom:container-demuxer-webm: 4f35f7cbe854078d1ac9338744f61a02 -> 
  custom:video-encoder-webm-vp8: eb34c28f22e8b96e1ab97ce403110664 -> 
  custom:video-codec-MediaFoundation-h265: 746d11721c4dcdbdad8f713fa42b33f4 -> 
  custom:CustomObjectIndexerAttribute: bc11b3a6c3213fcdd17b65e7da85e133 -> 
  custom:audio-encoder-webm-vorbis: bf7c407c2cedff20999df2af8eb42d56 -> 
  custom:framework-win-MediaFoundation: 216162199b28c13a410421893ffa2e32 -> 
  custom:SearchIndexIgnoredProperties: e643bd26f0fe6173181afceb89e7c659 -> 
  custom:container-demuxer-ogg: 62fdf1f143b41e24485cea50d1cbac27 -> 
  custom:video-decoder-webm-vp8: 9c59270c3fd7afecdb556c50c9e8de78 -> 
  custom:audio-decoder-ogg-vorbis: bf7c407c2cedff20999df2af8eb42d56 -> 
========================================================================
Received Import Request.
  Time since last request: 375945.113746 seconds.
  path: Assets/AltonGames/nature/Textures/Bark_Abies-concolor_Normal.png
  artifactKey: Guid(41193632f307a214796905abce781218) Importer(815301076,1909f56bfc062723c751e8b465ee728b)
Number of updated assets reloaded before import = 0
Start importing Assets/AltonGames/nature/Textures/Bark_Abies-concolor_Normal.png using Guid(41193632f307a214796905abce781218) Importer(815301076,1909f56bfc062723c751e8b465ee728b)  -> (artifact id: '8f32ad1e255646508d8396052ecf5b06') in 0.209492 seconds 
Number of asset objects unloaded after import = 2
========================================================================
Received Import Request.
  Time since last request: 0.000040 seconds.
  path: Assets/AltonGames/nature/Textures/Leaf_Abies-concolor_Diffuse.png
  artifactKey: Guid(6bbcd7d707b97934f9b1bc71573091c1) Importer(815301076,1909f56bfc062723c751e8b465ee728b)
Number of updated assets reloaded before import = 0
Start importing Assets/AltonGames/nature/Textures/Leaf_Abies-concolor_Diffuse.png using Guid(6bbcd7d707b97934f9b1bc71573091c1) Importer(815301076,1909f56bfc062723c751e8b465ee728b)  -> (artifact id: '7f3f1019ba8ae7188a4234bf53d1d6eb') in 0.070247 seconds 
Number of asset objects unloaded after import = 2
========================================================================
Received Import Request.
  Time since last request: 0.000063 seconds.
  path: Assets/AltonGames/nature/Textures/Leaf_Abies-concolor_Normal.png
  artifactKey: Guid(6f5403d5ab617c84585324df24437135) Importer(815301076,1909f56bfc062723c751e8b465ee728b)
Number of updated assets reloaded before import = 0
Start importing Assets/AltonGames/nature/Textures/Leaf_Abies-concolor_Normal.png using Guid(6f5403d5ab617c84585324df24437135) Importer(815301076,1909f56bfc062723c751e8b465ee728b)  -> (artifact id: '17d49a50cd8c8fd54258185535980d9e') in 0.107143 seconds 
Number of asset objects unloaded after import = 2
========================================================================
Received Import Request.
  Time since last request: 0.000042 seconds.
  path: Assets/AltonGames/nature/Textures/Leaf_Malus-domestica_Diffuse.png
  artifactKey: Guid(f54708cf2cad3544ba4f63922ec8cb1a) Importer(815301076,1909f56bfc062723c751e8b465ee728b)
Number of updated assets reloaded before import = 0
Start importing Assets/AltonGames/nature/Textures/Leaf_Malus-domestica_Diffuse.png using Guid(f54708cf2cad3544ba4f63922ec8cb1a) Importer(815301076,1909f56bfc062723c751e8b465ee728b)  -> (artifact id: '8c25885dc3ec0906d4d75778bc4e60af') in 0.062398 seconds 
Number of asset objects unloaded after import = 2
========================================================================
Received Import Request.
  Time since last request: 0.000031 seconds.
  path: Assets/AltonGames/nature/Textures/Leaf_Malus-domestica_Normal.png
  artifactKey: Guid(7d6dae1d16112ef47a05f291cf1358be) Importer(815301076,1909f56bfc062723c751e8b465ee728b)
Number of updated assets reloaded before import = 0
Start importing Assets/AltonGames/nature/Textures/Leaf_Malus-domestica_Normal.png using Guid(7d6dae1d16112ef47a05f291cf1358be) Importer(815301076,1909f56bfc062723c751e8b465ee728b)  -> (artifact id: '9549c741df18e141f1d14fc831a6d44b') in 0.047275 seconds 
Number of asset objects unloaded after import = 2
========================================================================
Received Import Request.
  Time since last request: 0.000035 seconds.
  path: Assets/AltonGames/nature/Textures/Flowers_Diffuse.png
  artifactKey: Guid(859b4c8bd9f42dd46bc9626c33c8ebce) Importer(815301076,1909f56bfc062723c751e8b465ee728b)
Number of updated assets reloaded before import = 0
Start importing Assets/AltonGames/nature/Textures/Flowers_Diffuse.png using Guid(859b4c8bd9f42dd46bc9626c33c8ebce) Importer(815301076,1909f56bfc062723c751e8b465ee728b)  -> (artifact id: '859d0e6e0335054f0e101fc3f7ae518c') in 0.064331 seconds 
Number of asset objects unloaded after import = 2
========================================================================
Received Import Request.
  Time since last request: 0.000045 seconds.
  path: Assets/AltonGames/nature/Textures/Bark_Tilia-europaea_Normal.png
  artifactKey: Guid(b220733a830abba4eb667adc52da4c6b) Importer(815301076,1909f56bfc062723c751e8b465ee728b)
Number of updated assets reloaded before import = 0
Start importing Assets/AltonGames/nature/Textures/Bark_Tilia-europaea_Normal.png using Guid(b220733a830abba4eb667adc52da4c6b) Importer(815301076,1909f56bfc062723c751e8b465ee728b)  -> (artifact id: 'c4ccc90cabbc80665a89ec5ad92c7487') in 0.058689 seconds 
Number of asset objects unloaded after import = 2
========================================================================
Received Import Request.
  Time since last request: 0.000034 seconds.
  path: Assets/AltonGames/nature/Textures/Leaf_Robinia-pseudoacacia_Diffuse.png
  artifactKey: Guid(f4a6950d2bab3864fab4c05fdb97cf89) Importer(815301076,1909f56bfc062723c751e8b465ee728b)
Number of updated assets reloaded before import = 0
Start importing Assets/AltonGames/nature/Textures/Leaf_Robinia-pseudoacacia_Diffuse.png using Guid(f4a6950d2bab3864fab4c05fdb97cf89) Importer(815301076,1909f56bfc062723c751e8b465ee728b)  -> (artifact id: 'f4b10f41bfecc9a4280c56cd72f6bef5') in 0.030628 seconds 
Number of asset objects unloaded after import = 2
========================================================================
Received Import Request.
  Time since last request: 13.253912 seconds.
  path: Assets/AltonGames/nature/Meshes/grass.fbx
  artifactKey: Guid(f8641ee86707dec4a9f95f7e5e1d8b16) Importer(815301076,1909f56bfc062723c751e8b465ee728b)
Number of updated assets reloaded before import = 0
Start importing Assets/AltonGames/nature/Meshes/grass.fbx using Guid(f8641ee86707dec4a9f95f7e5e1d8b16) Importer(815301076,1909f56bfc062723c751e8b465ee728b)  -> (artifact id: '52591d40e9a860066a9246f5c9099180') in 0.201534 seconds 
Number of asset objects unloaded after import = 16
========================================================================
Received Import Request.
  Time since last request: 0.000050 seconds.
  path: Assets/AltonGames/nature/Meshes/mushroom.fbx
  artifactKey: Guid(532a912a7d94be2419b85608d70cdd7f) Importer(815301076,1909f56bfc062723c751e8b465ee728b)
Number of updated assets reloaded before import = 0
Start importing Assets/AltonGames/nature/Meshes/mushroom.fbx using Guid(532a912a7d94be2419b85608d70cdd7f) Importer(815301076,1909f56bfc062723c751e8b465ee728b)  -> (artifact id: '942b5605b70f8d515311bf97546355e2') in 0.067527 seconds 
Number of asset objects unloaded after import = 16
========================================================================
Received Import Request.
  Time since last request: 4.605309 seconds.
  path: Assets/AltonGames/nature/materials/Bark_Ivy_Assets_Diffuse.mat
  artifactKey: Guid(e47ef6a145c550848961bbe5a6b61e74) Importer(815301076,1909f56bfc062723c751e8b465ee728b)
Number of updated assets reloaded before import = 0
Start importing Assets/AltonGames/nature/materials/Bark_Ivy_Assets_Diffuse.mat using Guid(e47ef6a145c550848961bbe5a6b61e74) Importer(815301076,1909f56bfc062723c751e8b465ee728b)  -> (artifact id: 'e0527bae2b2b327d5e07d4cb5bb7ac12') in 0.155091 seconds 
Number of asset objects unloaded after import = 2
========================================================================
Received Import Request.
  Time since last request: 0.000025 seconds.
  path: Assets/AltonGames/nature/materials/grass.mat
  artifactKey: Guid(cda80e6e01f471d44be8847436781b5c) Importer(815301076,1909f56bfc062723c751e8b465ee728b)
Number of updated assets reloaded before import = 0
Start importing Assets/AltonGames/nature/materials/grass.mat using Guid(cda80e6e01f471d44be8847436781b5c) Importer(815301076,1909f56bfc062723c751e8b465ee728b)  -> (artifact id: 'c244dab5c021a47599a0be624c8530ca') in 0.023704 seconds 
Number of asset objects unloaded after import = 1
========================================================================
Received Import Request.
  Time since last request: 0.000064 seconds.
  path: Assets/AltonGames/nature/materials/dandelionleaves.mat
  artifactKey: Guid(3d3ca2aaf075e7b4a8cab81211132934) Importer(815301076,1909f56bfc062723c751e8b465ee728b)
Number of updated assets reloaded before import = 0
Start importing Assets/AltonGames/nature/materials/dandelionleaves.mat using Guid(3d3ca2aaf075e7b4a8cab81211132934) Importer(815301076,1909f56bfc062723c751e8b465ee728b)  -> (artifact id: '8426b8e8d1a66c74e6887c2d5b3a1c23') in 0.121753 seconds 
Number of asset objects unloaded after import = 3
========================================================================
Received Import Request.
  Time since last request: 234.381856 seconds.
  path: Assets/Standard Assets/Effects/ImageEffects/Textures/VignetteMask.png
  artifactKey: Guid(95ef4804fe0be4c999ddaa383536cde8) Importer(815301076,1909f56bfc062723c751e8b465ee728b)
Number of updated assets reloaded before import = 0
Start importing Assets/Standard Assets/Effects/ImageEffects/Textures/VignetteMask.png using Guid(95ef4804fe0be4c999ddaa383536cde8) Importer(815301076,1909f56bfc062723c751e8b465ee728b)  -> (artifact id: 'fa72800db1d8bfd84372dc6011344c3f') in 0.036450 seconds 
Number of asset objects unloaded after import = 2
========================================================================
Received Prepare
Registering precompiled user dll's ...
Registered in 0.008105 seconds.
Begin MonoManager ReloadAssembly
Native extension for WindowsStandalone target not found
Refreshing native plugins compatible for Editor in 0.89 ms, found 3 plugins.
Preloading 0 native plugins for Editor in 0.00 ms.
[Package Manager] Server::EnsureServerProcessIsRunning -- launch failed, reason: Unity was launched with the -noUpm command-line argument
[Package Manager] Cannot connect to Unity Package Manager local server
Mono: successfully reloaded assembly
- Completed reload, in  2.149 seconds
Domain Reload Profiling:
	ReloadAssembly (2150ms)
		BeginReloadAssembly (309ms)
			ExecutionOrderSort (0ms)
			DisableScriptedObjects (6ms)
			BackupInstance (0ms)
			ReleaseScriptingObjects (0ms)
			CreateAndSetChildDomain (67ms)
		EndReloadAssembly (1626ms)
			LoadAssemblies (214ms)
			RebuildTransferFunctionScriptingTraits (0ms)
			SetupTypeCache (493ms)
			ReleaseScriptCaches (3ms)
			RebuildScriptCaches (78ms)
			SetupLoadedEditorAssemblies (851ms)
				LogAssemblyErrors (0ms)
				InitializePlatformSupportModulesInManaged (8ms)
				SetLoadedEditorAssemblies (1ms)
				RefreshPlugins (1ms)
				BeforeProcessingInitializeOnLoad (87ms)
				ProcessInitializeOnLoadAttributes (722ms)
				ProcessInitializeOnLoadMethodAttributes (25ms)
				AfterProcessingInitializeOnLoad (7ms)
				EditorAssembliesLoaded (0ms)
			ExecutionOrderSort2 (0ms)
			AwakeInstancesAfterBackupRestoration (8ms)
Platform modules already initialized, skipping
Refreshing native plugins compatible for Editor in 1.26 ms, found 3 plugins.
Preloading 0 native plugins for Editor in 0.00 ms.
Unloading 3441 Unused Serialized files (Serialized files now loaded: 0)
Unloading 18 unused Assets / (21.9 KB). Loaded Objects now: 3968.
Memory consumption went from 128.6 MB to 128.5 MB.
Total: 5.097400 ms (FindLiveObjects: 0.577100 ms CreateObjectMapping: 0.162800 ms MarkObjects: 4.307600 ms  DeleteObjects: 0.048500 ms)

AssetImportParameters requested are different than current active one (requested -> active):
  custom:video-decoder-ogg-theora: a1e56fd34408186e4bbccfd4996cb3dc -> 
  custom:container-muxer-webm: aa71ff27fc2769a1b78a27578f13a17b -> 
  custom:container-demuxer-webm: 4f35f7cbe854078d1ac9338744f61a02 -> 
  custom:video-encoder-webm-vp8: eb34c28f22e8b96e1ab97ce403110664 -> 
  custom:video-codec-MediaFoundation-h265: 746d11721c4dcdbdad8f713fa42b33f4 -> 
  custom:CustomObjectIndexerAttribute: bc11b3a6c3213fcdd17b65e7da85e133 -> 
  custom:audio-encoder-webm-vorbis: bf7c407c2cedff20999df2af8eb42d56 -> 
  custom:framework-win-MediaFoundation: 216162199b28c13a410421893ffa2e32 -> 
  custom:SearchIndexIgnoredProperties: e643bd26f0fe6173181afceb89e7c659 -> 
  custom:container-demuxer-ogg: 62fdf1f143b41e24485cea50d1cbac27 -> 
  custom:video-decoder-webm-vp8: 9c59270c3fd7afecdb556c50c9e8de78 -> 
  custom:audio-decoder-ogg-vorbis: bf7c407c2cedff20999df2af8eb42d56 -> 
========================================================================
Received Import Request.
  Time since last request: 61.825368 seconds.
  path: Assets/PolarizedPlatformPack/Materials/boxWood.mat
  artifactKey: Guid(257ed7c750a5f1d4aa6465aafc68fd63) Importer(815301076,1909f56bfc062723c751e8b465ee728b)
Number of updated assets reloaded before import = 0
Start importing Assets/PolarizedPlatformPack/Materials/boxWood.mat using Guid(257ed7c750a5f1d4aa6465aafc68fd63) Importer(815301076,1909f56bfc062723c751e8b465ee728b)  -> (artifact id: '55d2fb7788b897db59705999fdf5caa4') in 0.170686 seconds 
Number of asset objects unloaded after import = 1
========================================================================
Received Import Request.
  Time since last request: 0.000044 seconds.
  path: Assets/PolarizedPlatformPack/Materials/deciduoustree1_Tribe.mat
  artifactKey: Guid(c23b27febecf7aa4988e8345fc83ef44) Importer(815301076,1909f56bfc062723c751e8b465ee728b)
Number of updated assets reloaded before import = 0
Start importing Assets/PolarizedPlatformPack/Materials/deciduoustree1_Tribe.mat using Guid(c23b27febecf7aa4988e8345fc83ef44) Importer(815301076,1909f56bfc062723c751e8b465ee728b)  -> (artifact id: '527cdd0357ac93112bdf986cff0c32eb') in 0.028251 seconds 
Number of asset objects unloaded after import = 1
========================================================================
Received Import Request.
  Time since last request: 0.000038 seconds.
  path: Assets/PolarizedPlatformPack/Materials/pinetree_Tribe.mat
  artifactKey: Guid(e247a93a5eda2644e9741ce3dbde6d77) Importer(815301076,1909f56bfc062723c751e8b465ee728b)
Number of updated assets reloaded before import = 0
Start importing Assets/PolarizedPlatformPack/Materials/pinetree_Tribe.mat using Guid(e247a93a5eda2644e9741ce3dbde6d77) Importer(815301076,1909f56bfc062723c751e8b465ee728b)  -> (artifact id: 'c6987b90359f6a05c79c6ac16053fb94') in 0.023554 seconds 
Number of asset objects unloaded after import = 1
========================================================================
Received Import Request.
  Time since last request: 0.000021 seconds.
  path: Assets/PolarizedPlatformPack/Materials/coin.mat
  artifactKey: Guid(b14772b848781b94ca099645fcb95a9c) Importer(815301076,1909f56bfc062723c751e8b465ee728b)
Number of updated assets reloaded before import = 0
Start importing Assets/PolarizedPlatformPack/Materials/coin.mat using Guid(b14772b848781b94ca099645fcb95a9c) Importer(815301076,1909f56bfc062723c751e8b465ee728b)  -> (artifact id: 'bedcdbfde05ce2e09da3ba11a8041a1d') in 0.021893 seconds 
Number of asset objects unloaded after import = 1
========================================================================
Received Import Request.
  Time since last request: 0.000030 seconds.
  path: Assets/PolarizedPlatformPack/Materials/coin1.mat
  artifactKey: Guid(9db8f4edc3a4ef1428d83fd143e2a608) Importer(815301076,1909f56bfc062723c751e8b465ee728b)
Number of updated assets reloaded before import = 0
Start importing Assets/PolarizedPlatformPack/Materials/coin1.mat using Guid(9db8f4edc3a4ef1428d83fd143e2a608) Importer(815301076,1909f56bfc062723c751e8b465ee728b)  -> (artifact id: '83799e738326fa4ccae5ab18463a9d87') in 0.024430 seconds 
Number of asset objects unloaded after import = 1
========================================================================
Received Import Request.
  Time since last request: 0.000031 seconds.
  path: Assets/PolarizedPlatformPack/Materials/coin2.mat
  artifactKey: Guid(c60ffafe912fab846a8fac1407b3eefa) Importer(815301076,1909f56bfc062723c751e8b465ee728b)
Number of updated assets reloaded before import = 0
Start importing Assets/PolarizedPlatformPack/Materials/coin2.mat using Guid(c60ffafe912fab846a8fac1407b3eefa) Importer(815301076,1909f56bfc062723c751e8b465ee728b)  -> (artifact id: 'acff7e0809db19918a111685975672ac') in 0.022035 seconds 
Number of asset objects unloaded after import = 1
========================================================================
Received Import Request.
  Time since last request: 0.000023 seconds.
  path: Assets/PolarizedPlatformPack/Materials/fence.mat
  artifactKey: Guid(4326eccaca711c14485b61bdcef60868) Importer(815301076,1909f56bfc062723c751e8b465ee728b)
Number of updated assets reloaded before import = 0
Start importing Assets/PolarizedPlatformPack/Materials/fence.mat using Guid(4326eccaca711c14485b61bdcef60868) Importer(815301076,1909f56bfc062723c751e8b465ee728b)  -> (artifact id: 'bf5edebe284a354f03bad7fd325a1669') in 0.021605 seconds 
Number of asset objects unloaded after import = 1
========================================================================
Received Import Request.
  Time since last request: 0.000036 seconds.
  path: Assets/PolarizedPlatformPack/Materials/pinetree_Leaves.mat
  artifactKey: Guid(bc3c0ab35b7ddba47919eb596309a252) Importer(815301076,1909f56bfc062723c751e8b465ee728b)
Number of updated assets reloaded before import = 0
Start importing Assets/PolarizedPlatformPack/Materials/pinetree_Leaves.mat using Guid(bc3c0ab35b7ddba47919eb596309a252) Importer(815301076,1909f56bfc062723c751e8b465ee728b)  -> (artifact id: '147bdcbfafa12cfbb79c4ddd965d59d7') in 0.023693 seconds 
Number of asset objects unloaded after import = 1
========================================================================
Received Import Request.
  Time since last request: 0.000027 seconds.
  path: Assets/PolarizedPlatformPack/Materials/stone2.mat
  artifactKey: Guid(880f411675cc82d42abe3591481c0160) Importer(815301076,1909f56bfc062723c751e8b465ee728b)
Number of updated assets reloaded before import = 0
Start importing Assets/PolarizedPlatformPack/Materials/stone2.mat using Guid(880f411675cc82d42abe3591481c0160) Importer(815301076,1909f56bfc062723c751e8b465ee728b)  -> (artifact id: 'ffe5f16bd0ac1825898841f3614a6902') in 0.027038 seconds 
Number of asset objects unloaded after import = 1
========================================================================
Received Import Request.
  Time since last request: 0.000024 seconds.
  path: Assets/PolarizedPlatformPack/Materials/deciduoustree2_Tribe.mat
  artifactKey: Guid(e8d23230ceac52e49b9c252b263bc3ea) Importer(815301076,1909f56bfc062723c751e8b465ee728b)
Number of updated assets reloaded before import = 0
Start importing Assets/PolarizedPlatformPack/Materials/deciduoustree2_Tribe.mat using Guid(e8d23230ceac52e49b9c252b263bc3ea) Importer(815301076,1909f56bfc062723c751e8b465ee728b)  -> (artifact id: '5b1767efc460c1f87b4e26e2a228e29f') in 0.021640 seconds 
Number of asset objects unloaded after import = 1
========================================================================
Received Import Request.
  Time since last request: 0.000035 seconds.
  path: Assets/PolarizedPlatformPack/Materials/platform_Ground2.mat
  artifactKey: Guid(7754eccb5bbdbb14e8de7122d148e2b0) Importer(815301076,1909f56bfc062723c751e8b465ee728b)
Number of updated assets reloaded before import = 0
Start importing Assets/PolarizedPlatformPack/Materials/platform_Ground2.mat using Guid(7754eccb5bbdbb14e8de7122d148e2b0) Importer(815301076,1909f56bfc062723c751e8b465ee728b)  -> (artifact id: '281adb807641ed53fc823d6c4b462045') in 0.021928 seconds 
Number of asset objects unloaded after import = 1
========================================================================
Received Import Request.
  Time since last request: 2.505879 seconds.
  path: Assets/PolarizedPlatformPack/Models/cloud.fbx
  artifactKey: Guid(d8c195ca0ca98284c812c4f82d1072f6) Importer(815301076,1909f56bfc062723c751e8b465ee728b)
Number of updated assets reloaded before import = 0
Start importing Assets/PolarizedPlatformPack/Models/cloud.fbx using Guid(d8c195ca0ca98284c812c4f82d1072f6) Importer(815301076,1909f56bfc062723c751e8b465ee728b)  -> (artifact id: '3f497e24d4ca97751b3d0901c6a97d88') in 0.051347 seconds 
Number of asset objects unloaded after import = 10
========================================================================
Received Import Request.
  Time since last request: 0.000030 seconds.
  path: Assets/PolarizedPlatformPack/Models/stone2.fbx
  artifactKey: Guid(a7c8a1bbaa8d4dd40bd43d707b9a7a1e) Importer(815301076,1909f56bfc062723c751e8b465ee728b)
Number of updated assets reloaded before import = 0
Start importing Assets/PolarizedPlatformPack/Models/stone2.fbx using Guid(a7c8a1bbaa8d4dd40bd43d707b9a7a1e) Importer(815301076,1909f56bfc062723c751e8b465ee728b)  -> (artifact id: '5a949760bcc9e315c52732b20e6166f0') in 0.030356 seconds 
Number of asset objects unloaded after import = 10
========================================================================
Received Import Request.
  Time since last request: 0.000038 seconds.
  path: Assets/PolarizedPlatformPack/Models/stone1.fbx
  artifactKey: Guid(9ae429185e353d249b65d25a866a8db1) Importer(815301076,1909f56bfc062723c751e8b465ee728b)
Number of updated assets reloaded before import = 0
Start importing Assets/PolarizedPlatformPack/Models/stone1.fbx using Guid(9ae429185e353d249b65d25a866a8db1) Importer(815301076,1909f56bfc062723c751e8b465ee728b)  -> (artifact id: 'b65753b5ee7af880c7c1d8809f7f4aa1') in 0.027185 seconds 
Number of asset objects unloaded after import = 10
========================================================================
Received Import Request.
  Time since last request: 0.000054 seconds.
  path: Assets/PolarizedPlatformPack/Models/deciduoustree1.fbx
  artifactKey: Guid(2f421a9f30677a14c8735e0e0667e1a9) Importer(815301076,1909f56bfc062723c751e8b465ee728b)
Number of updated assets reloaded before import = 0
Start importing Assets/PolarizedPlatformPack/Models/deciduoustree1.fbx using Guid(2f421a9f30677a14c8735e0e0667e1a9) Importer(815301076,1909f56bfc062723c751e8b465ee728b)  -> (artifact id: 'b1cbde42aa73845de3783ddaad69987f') in 0.031932 seconds 
Number of asset objects unloaded after import = 11
========================================================================
Received Import Request.
  Time since last request: 0.000035 seconds.
  path: Assets/PolarizedPlatformPack/Models/fence.fbx
  artifactKey: Guid(637864889db4b1444aae964df72c7580) Importer(815301076,1909f56bfc062723c751e8b465ee728b)
Number of updated assets reloaded before import = 0
Start importing Assets/PolarizedPlatformPack/Models/fence.fbx using Guid(637864889db4b1444aae964df72c7580) Importer(815301076,1909f56bfc062723c751e8b465ee728b)  -> (artifact id: '091d677a24e47499754181b131347f7c') in 0.030290 seconds 
Number of asset objects unloaded after import = 8
========================================================================
Received Import Request.
  Time since last request: 0.000031 seconds.
  path: Assets/PolarizedPlatformPack/Models/platform.fbx
  artifactKey: Guid(e554807b3681a42498523d47fa27fcef) Importer(815301076,1909f56bfc062723c751e8b465ee728b)
Number of updated assets reloaded before import = 0
Start importing Assets/PolarizedPlatformPack/Models/platform.fbx using Guid(e554807b3681a42498523d47fa27fcef) Importer(815301076,1909f56bfc062723c751e8b465ee728b)  -> (artifact id: 'ddc36c3df5cd82e522d432fceebee296') in 0.041305 seconds 
Number of asset objects unloaded after import = 12
========================================================================
Received Import Request.
  Time since last request: 0.000030 seconds.
  path: Assets/PolarizedPlatformPack/Models/stone3.fbx
  artifactKey: Guid(dded28860a762d543bd0afa8dc11192d) Importer(815301076,1909f56bfc062723c751e8b465ee728b)
Number of updated assets reloaded before import = 0
Start importing Assets/PolarizedPlatformPack/Models/stone3.fbx using Guid(dded28860a762d543bd0afa8dc11192d) Importer(815301076,1909f56bfc062723c751e8b465ee728b)  -> (artifact id: '7e4b8d73e495506b271b39dcc7122859') in 0.029089 seconds 
Number of asset objects unloaded after import = 10
Editor requested this worker to shutdown with reason: Scaling down because of idle timeout
AssetImportWorker is now disconnected from the server
Process exiting
Exiting without the bug reporter. Application will terminate with return code 0