Using pre-set license
Built from '2021.3/staging' branch; Version is '2021.3.30f1 (b4360d7cdac4) revision 11810317'; Using compiler version '192829333'; Build Type 'Release'
OS: 'Windows 11  (10.0.22621) 64bit Core' Language: 'ja' Physical Memory: 16110 MB
BatchMode: 1, IsHumanControllingUs: 0, StartBugReporterOnCrash: 0, Is64bit: 1, IsPro: 1

COMMAND LINE ARGUMENTS:
C:\Program Files\Unity\Hub\Editor\2021.3.30f1\Editor\Unity.exe
-adb2
-batchMode
-noUpm
-name
AssetImportWorker0
-projectPath
C:/git projects/ButtleGame
-logFile
Logs/AssetImportWorker0.log
-srvPort
55556
Successfully changed project path to: C:/git projects/ButtleGame
C:/git projects/ButtleGame
[UnityMemory] Configuration Parameters - Can be set up in boot.config
    "memorysetup-bucket-allocator-granularity=16"
    "memorysetup-bucket-allocator-bucket-count=8"
    "memorysetup-bucket-allocator-block-size=33554432"
    "memorysetup-bucket-allocator-block-count=8"
    "memorysetup-main-allocator-block-size=16777216"
    "memorysetup-thread-allocator-block-size=16777216"
    "memorysetup-gfx-main-allocator-block-size=16777216"
    "memorysetup-gfx-thread-allocator-block-size=16777216"
    "memorysetup-cache-allocator-block-size=4194304"
    "memorysetup-typetree-allocator-block-size=2097152"
    "memorysetup-profiler-bucket-allocator-granularity=16"
    "memorysetup-profiler-bucket-allocator-bucket-count=8"
    "memorysetup-profiler-bucket-allocator-block-size=33554432"
    "memorysetup-profiler-bucket-allocator-block-count=8"
    "memorysetup-profiler-allocator-block-size=16777216"
    "memorysetup-profiler-editor-allocator-block-size=1048576"
    "memorysetup-temp-allocator-size-main=16777216"
    "memorysetup-job-temp-allocator-block-size=2097152"
    "memorysetup-job-temp-allocator-block-size-background=1048576"
    "memorysetup-job-temp-allocator-reduction-small-platforms=262144"
    "memorysetup-temp-allocator-size-background-worker=32768"
    "memorysetup-temp-allocator-size-job-worker=262144"
    "memorysetup-temp-allocator-size-preload-manager=33554432"
    "memorysetup-temp-allocator-size-nav-mesh-worker=65536"
    "memorysetup-temp-allocator-size-audio-worker=65536"
    "memorysetup-temp-allocator-size-cloud-worker=32768"
    "memorysetup-temp-allocator-size-gi-baking-worker=262144"
    "memorysetup-temp-allocator-size-gfx=262144"
Player connection [22624] Host "[IP] 192.168.56.1 [Port] 0 [Flags] 2 [Guid] 1751203128 [EditorId] 1751203128 [Version] 1048832 [Id] WindowsEditor(7,DESKTOP-NM50HR6) [Debug] 1 [PackageName] WindowsEditor [ProjectName] Editor" joined multi-casting on [225.0.0.222:54997]...

Player connection [22624] Host "[IP] 192.168.56.1 [Port] 0 [Flags] 2 [Guid] 1751203128 [EditorId] 1751203128 [Version] 1048832 [Id] WindowsEditor(7,DESKTOP-NM50HR6) [Debug] 1 [PackageName] WindowsEditor [ProjectName] Editor" joined alternative multi-casting on [225.0.0.222:34997]...

[Physics::Module] Initialized MultithreadedJobDispatcher with {0} workers.
Refreshing native plugins compatible for Editor in 117.85 ms, found 3 plugins.
Preloading 0 native plugins for Editor in 0.00 ms.
Initialize engine version: 2021.3.30f1 (b4360d7cdac4)
[Subsystems] Discovering subsystems at path C:/Program Files/Unity/Hub/Editor/2021.3.30f1/Editor/Data/Resources/UnitySubsystems
[Subsystems] Discovering subsystems at path C:/git projects/ButtleGame/Assets
GfxDevice: creating device client; threaded=0; jobified=0
Direct3D:
    Version:  Direct3D 11.0 [level 11.1]
    Renderer: NVIDIA GeForce RTX 3060 Laptop GPU (ID=0x2560)
    Vendor:   NVIDIA
    VRAM:     6009 MB
    Driver:   31.0.15.2879
Initialize mono
Mono path[0] = 'C:/Program Files/Unity/Hub/Editor/2021.3.30f1/Editor/Data/Managed'
Mono path[1] = 'C:/Program Files/Unity/Hub/Editor/2021.3.30f1/Editor/Data/MonoBleedingEdge/lib/mono/unityjit-win32'
Mono config path = 'C:/Program Files/Unity/Hub/Editor/2021.3.30f1/Editor/Data/MonoBleedingEdge/etc'
Using monoOptions --debugger-agent=transport=dt_socket,embedding=1,server=y,suspend=n,address=127.0.0.1:56420
Begin MonoManager ReloadAssembly
Registering precompiled unity dll's ...
Register platform support module: C:/Program Files/Unity/Hub/Editor/2021.3.30f1/Editor/Data/PlaybackEngines/WindowsStandaloneSupport/UnityEditor.WindowsStandalone.Extensions.dll
Registered in 0.006587 seconds.
Native extension for WindowsStandalone target not found
Refreshing native plugins compatible for Editor in 95.22 ms, found 3 plugins.
Preloading 0 native plugins for Editor in 0.00 ms.
Mono: successfully reloaded assembly
- Completed reload, in  0.868 seconds
Domain Reload Profiling:
	ReloadAssembly (869ms)
		BeginReloadAssembly (158ms)
			ExecutionOrderSort (0ms)
			DisableScriptedObjects (0ms)
			BackupInstance (0ms)
			ReleaseScriptingObjects (0ms)
			CreateAndSetChildDomain (1ms)
		EndReloadAssembly (568ms)
			LoadAssemblies (155ms)
			RebuildTransferFunctionScriptingTraits (0ms)
			SetupTypeCache (162ms)
			ReleaseScriptCaches (0ms)
			RebuildScriptCaches (37ms)
			SetupLoadedEditorAssemblies (316ms)
				LogAssemblyErrors (0ms)
				InitializePlatformSupportModulesInManaged (12ms)
				SetLoadedEditorAssemblies (0ms)
				RefreshPlugins (95ms)
				BeforeProcessingInitializeOnLoad (2ms)
				ProcessInitializeOnLoadAttributes (150ms)
				ProcessInitializeOnLoadMethodAttributes (56ms)
				AfterProcessingInitializeOnLoad (0ms)
				EditorAssembliesLoaded (0ms)
			ExecutionOrderSort2 (0ms)
			AwakeInstancesAfterBackupRestoration (0ms)
Platform modules already initialized, skipping
Registering precompiled user dll's ...
Registered in 0.007094 seconds.
Begin MonoManager ReloadAssembly
Native extension for WindowsStandalone target not found
Refreshing native plugins compatible for Editor in 96.22 ms, found 3 plugins.
Preloading 0 native plugins for Editor in 0.00 ms.
Package Manager log level set to [2]
[Package Manager] Server::EnsureServerProcessIsRunning -- launch failed, reason: Unity was launched with the -noUpm command-line argument
[Package Manager] Cannot connect to Unity Package Manager local server
Mono: successfully reloaded assembly
- Completed reload, in  1.959 seconds
Domain Reload Profiling:
	ReloadAssembly (1960ms)
		BeginReloadAssembly (200ms)
			ExecutionOrderSort (0ms)
			DisableScriptedObjects (7ms)
			BackupInstance (0ms)
			ReleaseScriptingObjects (0ms)
			CreateAndSetChildDomain (39ms)
		EndReloadAssembly (1613ms)
			LoadAssemblies (145ms)
			RebuildTransferFunctionScriptingTraits (0ms)
			SetupTypeCache (366ms)
			ReleaseScriptCaches (1ms)
			RebuildScriptCaches (78ms)
			SetupLoadedEditorAssemblies (1002ms)
				LogAssemblyErrors (0ms)
				InitializePlatformSupportModulesInManaged (5ms)
				SetLoadedEditorAssemblies (0ms)
				RefreshPlugins (96ms)
				BeforeProcessingInitializeOnLoad (107ms)
				ProcessInitializeOnLoadAttributes (763ms)
				ProcessInitializeOnLoadMethodAttributes (21ms)
				AfterProcessingInitializeOnLoad (9ms)
				EditorAssembliesLoaded (0ms)
			ExecutionOrderSort2 (0ms)
			AwakeInstancesAfterBackupRestoration (8ms)
Platform modules already initialized, skipping
========================================================================
Worker process is ready to serve import requests
Launched and connected shader compiler UnityShaderCompiler.exe after 0.07 seconds
Refreshing native plugins compatible for Editor in 0.94 ms, found 3 plugins.
Preloading 0 native plugins for Editor in 0.00 ms.
Unloading 3451 Unused Serialized files (Serialized files now loaded: 0)
Unloading 25 unused Assets / (47.0 KB). Loaded Objects now: 3914.
Memory consumption went from 124.2 MB to 124.1 MB.
Total: 5.683600 ms (FindLiveObjects: 0.645900 ms CreateObjectMapping: 0.345700 ms MarkObjects: 4.564900 ms  DeleteObjects: 0.125100 ms)

AssetImportParameters requested are different than current active one (requested -> active):
  custom:video-decoder-ogg-theora: a1e56fd34408186e4bbccfd4996cb3dc -> 
  custom:container-muxer-webm: aa71ff27fc2769a1b78a27578f13a17b -> 
  custom:container-demuxer-webm: 4f35f7cbe854078d1ac9338744f61a02 -> 
  custom:video-encoder-webm-vp8: eb34c28f22e8b96e1ab97ce403110664 -> 
  custom:video-codec-MediaFoundation-h265: 746d11721c4dcdbdad8f713fa42b33f4 -> 
  custom:audio-encoder-webm-vorbis: bf7c407c2cedff20999df2af8eb42d56 -> 
  custom:framework-win-MediaFoundation: 216162199b28c13a410421893ffa2e32 -> 
  custom:container-demuxer-ogg: 62fdf1f143b41e24485cea50d1cbac27 -> 
  custom:video-decoder-webm-vp8: 9c59270c3fd7afecdb556c50c9e8de78 -> 
  custom:audio-decoder-ogg-vorbis: bf7c407c2cedff20999df2af8eb42d56 -> 
========================================================================
Received Import Request.
  Time since last request: 375417.319780 seconds.
  path: Assets/_K_Project/Inputs.cs
  artifactKey: Guid(3453ca45b60183a48922917a5652371b) Importer(815301076,1909f56bfc062723c751e8b465ee728b)
Number of updated assets reloaded before import = 0
Start importing Assets/_K_Project/Inputs.cs using Guid(3453ca45b60183a48922917a5652371b) Importer(815301076,1909f56bfc062723c751e8b465ee728b)  -> (artifact id: '7aedbac61c4510bbb8766cf556016a5e') in 0.101294 seconds 
Number of asset objects unloaded after import = 0
========================================================================
Received Prepare
Refreshing native plugins compatible for Editor in 6.06 ms, found 3 plugins.
Preloading 0 native plugins for Editor in 0.00 ms.
Unloading 16 Unused Serialized files (Serialized files now loaded: 0)
Unloading 16 unused Assets / (21.9 KB). Loaded Objects now: 3914.
Memory consumption went from 54.6 MB to 54.6 MB.
Total: 7.061400 ms (FindLiveObjects: 0.806300 ms CreateObjectMapping: 0.430200 ms MarkObjects: 5.790600 ms  DeleteObjects: 0.032800 ms)

AssetImportParameters requested are different than current active one (requested -> active):
  custom:video-decoder-ogg-theora: a1e56fd34408186e4bbccfd4996cb3dc -> 
  custom:container-muxer-webm: aa71ff27fc2769a1b78a27578f13a17b -> 
  custom:container-demuxer-webm: 4f35f7cbe854078d1ac9338744f61a02 -> 
  custom:video-encoder-webm-vp8: eb34c28f22e8b96e1ab97ce403110664 -> 
  custom:video-codec-MediaFoundation-h265: 746d11721c4dcdbdad8f713fa42b33f4 -> 
  custom:CustomObjectIndexerAttribute: bc11b3a6c3213fcdd17b65e7da85e133 -> 
  custom:audio-encoder-webm-vorbis: bf7c407c2cedff20999df2af8eb42d56 -> 
  custom:framework-win-MediaFoundation: 216162199b28c13a410421893ffa2e32 -> 
  custom:SearchIndexIgnoredProperties: e643bd26f0fe6173181afceb89e7c659 -> 
  custom:container-demuxer-ogg: 62fdf1f143b41e24485cea50d1cbac27 -> 
  custom:video-decoder-webm-vp8: 9c59270c3fd7afecdb556c50c9e8de78 -> 
  custom:audio-decoder-ogg-vorbis: bf7c407c2cedff20999df2af8eb42d56 -> 
========================================================================
Received Import Request.
  Time since last request: 68.988935 seconds.
  path: Assets/Scenes/Battle.unity
  artifactKey: Guid(1674a4046e783cc458e42c61b697c3ec) Importer(815301076,1909f56bfc062723c751e8b465ee728b)
Number of updated assets reloaded before import = 0
Start importing Assets/Scenes/Battle.unity using Guid(1674a4046e783cc458e42c61b697c3ec) Importer(815301076,1909f56bfc062723c751e8b465ee728b)  -> (artifact id: '26d2f0ac105c09f440c74f43888a94d4') in 0.012008 seconds 
Number of asset objects unloaded after import = 0
========================================================================
Received Import Request.
  Time since last request: 388.090457 seconds.
  path: Assets/AltonGames/nature
  artifactKey: Guid(5efd3b2ec0c9287469e0fb27530a4508) Importer(815301076,1909f56bfc062723c751e8b465ee728b)
Number of updated assets reloaded before import = 0
Start importing Assets/AltonGames/nature using Guid(5efd3b2ec0c9287469e0fb27530a4508) Importer(815301076,1909f56bfc062723c751e8b465ee728b)  -> (artifact id: 'fea2c16dd94851f587d61ecad0f3173b') in 0.018027 seconds 
Number of asset objects unloaded after import = 0
========================================================================
Received Import Request.
  Time since last request: 22.906022 seconds.
  path: Assets/AltonGames/nature/Scenes
  artifactKey: Guid(2403f8abddd129c4eb2aff6a892a0c3d) Importer(815301076,1909f56bfc062723c751e8b465ee728b)
Number of updated assets reloaded before import = 0
Start importing Assets/AltonGames/nature/Scenes using Guid(2403f8abddd129c4eb2aff6a892a0c3d) Importer(815301076,1909f56bfc062723c751e8b465ee728b)  -> (artifact id: 'ffbf37ed77b2a628d96b919eca5e1acd') in 0.010037 seconds 
Number of asset objects unloaded after import = 0
========================================================================
Received Import Request.
  Time since last request: 1.453820 seconds.
  path: Assets/AltonGames/nature/Scenes/DEMO.unity
  artifactKey: Guid(b8b016a09e75a594fa039e3f95b4398d) Importer(815301076,1909f56bfc062723c751e8b465ee728b)
Number of updated assets reloaded before import = 0
Start importing Assets/AltonGames/nature/Scenes/DEMO.unity using Guid(b8b016a09e75a594fa039e3f95b4398d) Importer(815301076,1909f56bfc062723c751e8b465ee728b)  -> (artifact id: '14ad90d07cb6f76b1b55d9ff8585f9b2') in 0.011005 seconds 
Number of asset objects unloaded after import = 0
========================================================================
Received Import Request.
  Time since last request: 15.632231 seconds.
  path: Assets/AltonGames/nature/Prefabs
  artifactKey: Guid(e61865c9b0df8c540a87f53c7762b4f2) Importer(815301076,1909f56bfc062723c751e8b465ee728b)
Number of updated assets reloaded before import = 0
Start importing Assets/AltonGames/nature/Prefabs using Guid(e61865c9b0df8c540a87f53c7762b4f2) Importer(815301076,1909f56bfc062723c751e8b465ee728b)  -> (artifact id: '353f7d6a171ad673ec5c88b48a63d2b0') in 0.011000 seconds 
Number of asset objects unloaded after import = 0
========================================================================
Received Import Request.
  Time since last request: 0.117304 seconds.
  path: Assets/AltonGames/nature/Prefabs/apple.prefab
  artifactKey: Guid(9c05098f98a625e4dafae595aac686f2) Importer(815301076,1909f56bfc062723c751e8b465ee728b)
Number of updated assets reloaded before import = 0
Start importing Assets/AltonGames/nature/Prefabs/apple.prefab using Guid(9c05098f98a625e4dafae595aac686f2) Importer(815301076,1909f56bfc062723c751e8b465ee728b)  -> (artifact id: 'faa828c32fdbf786c62b67381594182e') in 0.326569 seconds 
Number of asset objects unloaded after import = 32
========================================================================
Received Import Request.
  Time since last request: 0.000032 seconds.
  path: Assets/AltonGames/nature/Prefabs/maple1.prefab
  artifactKey: Guid(19e255b40b9fe434b88eccbdabddbf51) Importer(815301076,1909f56bfc062723c751e8b465ee728b)
Number of updated assets reloaded before import = 0
Start importing Assets/AltonGames/nature/Prefabs/maple1.prefab using Guid(19e255b40b9fe434b88eccbdabddbf51) Importer(815301076,1909f56bfc062723c751e8b465ee728b)  -> (artifact id: 'f63f21d30acc6d027487589392ebb23a') in 0.168907 seconds 
Number of asset objects unloaded after import = 15
========================================================================
Received Import Request.
  Time since last request: 0.000065 seconds.
  path: Assets/AltonGames/nature/Prefabs/dandelion.prefab
  artifactKey: Guid(8b886c699e17e914986393007192fa51) Importer(815301076,1909f56bfc062723c751e8b465ee728b)
Number of updated assets reloaded before import = 0
Start importing Assets/AltonGames/nature/Prefabs/dandelion.prefab using Guid(8b886c699e17e914986393007192fa51) Importer(815301076,1909f56bfc062723c751e8b465ee728b)  -> (artifact id: '03d3b1502e979e3a35dae8402d3e1560') in 0.164441 seconds 
Number of asset objects unloaded after import = 15
========================================================================
Received Import Request.
  Time since last request: 0.000043 seconds.
  path: Assets/AltonGames/nature/Prefabs/mushroom.prefab
  artifactKey: Guid(882d1d38fa89fbf43bc669bd4794be7d) Importer(815301076,1909f56bfc062723c751e8b465ee728b)
Number of updated assets reloaded before import = 0
Start importing Assets/AltonGames/nature/Prefabs/mushroom.prefab using Guid(882d1d38fa89fbf43bc669bd4794be7d) Importer(815301076,1909f56bfc062723c751e8b465ee728b)  -> (artifact id: 'deb03f8a7efa8fc179b76f46f90a6cd4') in 0.089017 seconds 
Number of asset objects unloaded after import = 11
========================================================================
Received Import Request.
  Time since last request: 0.000033 seconds.
  path: Assets/AltonGames/nature/Prefabs/grass 1.prefab
  artifactKey: Guid(50e9c460b2035714b9c3be0bbb493fbc) Importer(815301076,1909f56bfc062723c751e8b465ee728b)
Number of updated assets reloaded before import = 0
Start importing Assets/AltonGames/nature/Prefabs/grass 1.prefab using Guid(50e9c460b2035714b9c3be0bbb493fbc) Importer(815301076,1909f56bfc062723c751e8b465ee728b)  -> (artifact id: '63601340286eeebc163f93eec2a7740d') in 0.022996 seconds 
Number of asset objects unloaded after import = 10
========================================================================
Received Import Request.
  Time since last request: 29.605530 seconds.
  path: Assets/AltonGames/nature/Textures/Atlas_Leaves_Autumn_Normal.png
  artifactKey: Guid(aa678d05436db7f4f95e964ba7ce6c6e) Importer(815301076,1909f56bfc062723c751e8b465ee728b)
Number of updated assets reloaded before import = 0
Start importing Assets/AltonGames/nature/Textures/Atlas_Leaves_Autumn_Normal.png using Guid(aa678d05436db7f4f95e964ba7ce6c6e) Importer(815301076,1909f56bfc062723c751e8b465ee728b)  -> (artifact id: 'e0e3a90fb9235c3d6863db5834b63082') in 0.119308 seconds 
Number of asset objects unloaded after import = 2
========================================================================
Received Import Request.
  Time since last request: 0.000043 seconds.
  path: Assets/AltonGames/nature/Textures/Bark_Ivy_Assets_Diffuse.png
  artifactKey: Guid(02e40835c185e704cb9423491b0c44cd) Importer(815301076,1909f56bfc062723c751e8b465ee728b)
Number of updated assets reloaded before import = 0
Start importing Assets/AltonGames/nature/Textures/Bark_Ivy_Assets_Diffuse.png using Guid(02e40835c185e704cb9423491b0c44cd) Importer(815301076,1909f56bfc062723c751e8b465ee728b)  -> (artifact id: '1b1bdf16a43e6f7d2575aa9755228313') in 0.079618 seconds 
Number of asset objects unloaded after import = 2
========================================================================
Received Import Request.
  Time since last request: 0.000053 seconds.
  path: Assets/AltonGames/nature/Textures/Bark_Pinus-pinaster_Diffuse.png
  artifactKey: Guid(83d68702f9490c64b8447c05cc5732f7) Importer(815301076,1909f56bfc062723c751e8b465ee728b)
Number of updated assets reloaded before import = 0
Start importing Assets/AltonGames/nature/Textures/Bark_Pinus-pinaster_Diffuse.png using Guid(83d68702f9490c64b8447c05cc5732f7) Importer(815301076,1909f56bfc062723c751e8b465ee728b)  -> (artifact id: '23f6167bce59dc0a8e90ee7325af565c') in 0.194569 seconds 
Number of asset objects unloaded after import = 2
========================================================================
Received Import Request.
  Time since last request: 0.000026 seconds.
  path: Assets/AltonGames/nature/Textures/Weeds_Diffuse.png
  artifactKey: Guid(44fe283987b6fad45a9c38f532397239) Importer(815301076,1909f56bfc062723c751e8b465ee728b)
Number of updated assets reloaded before import = 0
Start importing Assets/AltonGames/nature/Textures/Weeds_Diffuse.png using Guid(44fe283987b6fad45a9c38f532397239) Importer(815301076,1909f56bfc062723c751e8b465ee728b)  -> (artifact id: '738dd720bc94f547be0d9d96e289e365') in 0.081174 seconds 
Number of asset objects unloaded after import = 2
========================================================================
Received Import Request.
  Time since last request: 0.000040 seconds.
  path: Assets/AltonGames/nature/Textures/Flower_Sunflower_Diffuse.png
  artifactKey: Guid(ac43a86637a8cd74f9f834e7cbd4f3cb) Importer(815301076,1909f56bfc062723c751e8b465ee728b)
Number of updated assets reloaded before import = 0
Start importing Assets/AltonGames/nature/Textures/Flower_Sunflower_Diffuse.png using Guid(ac43a86637a8cd74f9f834e7cbd4f3cb) Importer(815301076,1909f56bfc062723c751e8b465ee728b)  -> (artifact id: '4cc20f42ba23e27b4058beb1fecbb966') in 0.060307 seconds 
Number of asset objects unloaded after import = 2
========================================================================
Received Import Request.
  Time since last request: 0.000049 seconds.
  path: Assets/AltonGames/nature/Textures/Leaf_Aesculus-hippocastanum_Normal.png
  artifactKey: Guid(dbe12b73eae9850489dc55cd441bd22a) Importer(815301076,1909f56bfc062723c751e8b465ee728b)
Number of updated assets reloaded before import = 0
Start importing Assets/AltonGames/nature/Textures/Leaf_Aesculus-hippocastanum_Normal.png using Guid(dbe12b73eae9850489dc55cd441bd22a) Importer(815301076,1909f56bfc062723c751e8b465ee728b)  -> (artifact id: '3a4a037291a738a775231af020fe4af1') in 0.054367 seconds 
Number of asset objects unloaded after import = 2
========================================================================
Received Import Request.
  Time since last request: 0.000032 seconds.
  path: Assets/AltonGames/nature/Textures/Wood_Spruce_Knots_Diffuse_mqt_2048.png
  artifactKey: Guid(67608c622cc826740b6037f6d6918cb8) Importer(815301076,1909f56bfc062723c751e8b465ee728b)
Number of updated assets reloaded before import = 0
Start importing Assets/AltonGames/nature/Textures/Wood_Spruce_Knots_Diffuse_mqt_2048.png using Guid(67608c622cc826740b6037f6d6918cb8) Importer(815301076,1909f56bfc062723c751e8b465ee728b)  -> (artifact id: 'c18f4b4711dbce2a8630417e4097fc2c') in 0.062053 seconds 
Number of asset objects unloaded after import = 2
========================================================================
Received Import Request.
  Time since last request: 0.000036 seconds.
  path: Assets/AltonGames/nature/Textures/Flowers_Normal.png
  artifactKey: Guid(3ef997586c287c340bfa85ec8573e662) Importer(815301076,1909f56bfc062723c751e8b465ee728b)
Number of updated assets reloaded before import = 0
Start importing Assets/AltonGames/nature/Textures/Flowers_Normal.png using Guid(3ef997586c287c340bfa85ec8573e662) Importer(815301076,1909f56bfc062723c751e8b465ee728b)  -> (artifact id: '36877ce29e9d6053830855fe394a4c86') in 0.064742 seconds 
Number of asset objects unloaded after import = 2
========================================================================
Received Import Request.
  Time since last request: 13.182875 seconds.
  path: Assets/AltonGames/nature/Meshes/conifer.fbx
  artifactKey: Guid(9af81b3d12c23a9479dd074d9d07588f) Importer(815301076,1909f56bfc062723c751e8b465ee728b)
Number of updated assets reloaded before import = 0
Start importing Assets/AltonGames/nature/Meshes/conifer.fbx using Guid(9af81b3d12c23a9479dd074d9d07588f) Importer(815301076,1909f56bfc062723c751e8b465ee728b)  -> (artifact id: '5e017e9c3ad77427be130f0fd2bd2a2d') in 0.666806 seconds 
Number of asset objects unloaded after import = 13
========================================================================
Received Import Request.
  Time since last request: 4.194762 seconds.
  path: Assets/AltonGames/nature/materials/appletree.mat
  artifactKey: Guid(1922ae72d3523094f8f5f319fbcca8c1) Importer(815301076,1909f56bfc062723c751e8b465ee728b)
Number of updated assets reloaded before import = 0
Start importing Assets/AltonGames/nature/materials/appletree.mat using Guid(1922ae72d3523094f8f5f319fbcca8c1) Importer(815301076,1909f56bfc062723c751e8b465ee728b)  -> (artifact id: '35f97d30267b11f5e0052bbe9845af83') in 0.056968 seconds 
Number of asset objects unloaded after import = 3
========================================================================
Received Import Request.
  Time since last request: 0.000021 seconds.
  path: Assets/AltonGames/nature/materials/dandellion.mat
  artifactKey: Guid(a1351c286fe5c7b44a092b5970ce27c9) Importer(815301076,1909f56bfc062723c751e8b465ee728b)
Number of updated assets reloaded before import = 0
Start importing Assets/AltonGames/nature/materials/dandellion.mat using Guid(a1351c286fe5c7b44a092b5970ce27c9) Importer(815301076,1909f56bfc062723c751e8b465ee728b)  -> (artifact id: 'cc63cd504a70e8b83ff83cca4a2f28c6') in 0.089211 seconds 
Number of asset objects unloaded after import = 3
========================================================================
Received Import Request.
  Time since last request: 0.000062 seconds.
  path: Assets/AltonGames/nature/materials/trunk.mat
  artifactKey: Guid(f72fb64a5be845744a23857bc064c9d3) Importer(815301076,1909f56bfc062723c751e8b465ee728b)
Number of updated assets reloaded before import = 0
Start importing Assets/AltonGames/nature/materials/trunk.mat using Guid(f72fb64a5be845744a23857bc064c9d3) Importer(815301076,1909f56bfc062723c751e8b465ee728b)  -> (artifact id: '0a34c22175a9469bcf964ffdb851b7ff') in 0.118336 seconds 
Number of asset objects unloaded after import = 3
========================================================================
Received Import Request.
  Time since last request: 0.000063 seconds.
  path: Assets/AltonGames/nature/materials/conifer1.mat
  artifactKey: Guid(2415ee7ecfe36874181ffd5305a5a495) Importer(815301076,1909f56bfc062723c751e8b465ee728b)
Number of updated assets reloaded before import = 0
Start importing Assets/AltonGames/nature/materials/conifer1.mat using Guid(2415ee7ecfe36874181ffd5305a5a495) Importer(815301076,1909f56bfc062723c751e8b465ee728b)  -> (artifact id: '639af141b9ecaa7dd202a745af6d481c') in 0.140664 seconds 
Number of asset objects unloaded after import = 3
========================================================================
Received Import Request.
  Time since last request: 200.457674 seconds.
  path: Assets/Standard Assets/Effects
  artifactKey: Guid(fe7bdc79a4000d448ac0e930d31f5454) Importer(815301076,1909f56bfc062723c751e8b465ee728b)
Number of updated assets reloaded before import = 0
Start importing Assets/Standard Assets/Effects using Guid(fe7bdc79a4000d448ac0e930d31f5454) Importer(815301076,1909f56bfc062723c751e8b465ee728b)  -> (artifact id: 'a050046b271a2d5e009f28112b3ed952') in 0.013072 seconds 
Number of asset objects unloaded after import = 0
========================================================================
Received Import Request.
  Time since last request: 1.355364 seconds.
  path: Assets/Standard Assets/Effects/ImageEffects
  artifactKey: Guid(368ba61a90bee1f4eb645b6dd23adc48) Importer(815301076,1909f56bfc062723c751e8b465ee728b)
Number of updated assets reloaded before import = 0
Start importing Assets/Standard Assets/Effects/ImageEffects using Guid(368ba61a90bee1f4eb645b6dd23adc48) Importer(815301076,1909f56bfc062723c751e8b465ee728b)  -> (artifact id: '1d756baf7ce390ae536d677863386794') in 0.013605 seconds 
Number of asset objects unloaded after import = 0
========================================================================
Received Import Request.
  Time since last request: 0.713709 seconds.
  path: Assets/Standard Assets/Effects/ImageEffects/Scripts
  artifactKey: Guid(a563d3c69afd0e64ebbe3657bcc75619) Importer(815301076,1909f56bfc062723c751e8b465ee728b)
Number of updated assets reloaded before import = 0
Start importing Assets/Standard Assets/Effects/ImageEffects/Scripts using Guid(a563d3c69afd0e64ebbe3657bcc75619) Importer(815301076,1909f56bfc062723c751e8b465ee728b)  -> (artifact id: '9831c9e80c3b4a00964d3108d02a33a4') in 0.016377 seconds 
Number of asset objects unloaded after import = 0
========================================================================
Received Import Request.
  Time since last request: 5.896904 seconds.
  path: Assets/Standard Assets/Effects/ImageEffects/Shaders
  artifactKey: Guid(20ab2994857b82040973d7493414e240) Importer(815301076,1909f56bfc062723c751e8b465ee728b)
Number of updated assets reloaded before import = 0
Start importing Assets/Standard Assets/Effects/ImageEffects/Shaders using Guid(20ab2994857b82040973d7493414e240) Importer(815301076,1909f56bfc062723c751e8b465ee728b)  -> (artifact id: '2059bc7f7d8ef918fc51a99196e26628') in 0.010740 seconds 
Number of asset objects unloaded after import = 0
========================================================================
Received Import Request.
  Time since last request: 12.843720 seconds.
  path: Assets/PolarizedPlatformPack/Demo
  artifactKey: Guid(a1e9b7aa07aee0b4580e4b2037d4b747) Importer(815301076,1909f56bfc062723c751e8b465ee728b)
Number of updated assets reloaded before import = 0
Start importing Assets/PolarizedPlatformPack/Demo using Guid(a1e9b7aa07aee0b4580e4b2037d4b747) Importer(815301076,1909f56bfc062723c751e8b465ee728b)  -> (artifact id: '388405b109dbf47922c5b64732ea741d') in 0.015068 seconds 
Number of asset objects unloaded after import = 0
========================================================================
Received Import Request.
  Time since last request: 1.027088 seconds.
  path: Assets/PolarizedPlatformPack/Demo/AllModels.unity
  artifactKey: Guid(a6c12cf276a321c419c335570b55c4e7) Importer(815301076,1909f56bfc062723c751e8b465ee728b)
Number of updated assets reloaded before import = 0
Start importing Assets/PolarizedPlatformPack/Demo/AllModels.unity using Guid(a6c12cf276a321c419c335570b55c4e7) Importer(815301076,1909f56bfc062723c751e8b465ee728b)  -> (artifact id: '5d3810688a1aeda8ac1c1c22e36c7453') in 0.011197 seconds 
Number of asset objects unloaded after import = 0
========================================================================
Received Import Request.
  Time since last request: 11.768827 seconds.
  path: Assets/Standard Assets/Effects/ImageEffects/Textures
  artifactKey: Guid(a95756b401d7705459d09d846dde88e0) Importer(815301076,1909f56bfc062723c751e8b465ee728b)
Number of updated assets reloaded before import = 0
Start importing Assets/Standard Assets/Effects/ImageEffects/Textures using Guid(a95756b401d7705459d09d846dde88e0) Importer(815301076,1909f56bfc062723c751e8b465ee728b)  -> (artifact id: 'a4e6ea96337e620a3e090799baa7809e') in 0.015187 seconds 
Number of asset objects unloaded after import = 0
========================================================================
Received Import Request.
  Time since last request: 0.066264 seconds.
  path: Assets/Standard Assets/Effects/ImageEffects/Textures/RandomVectors.png
  artifactKey: Guid(a181ca8e3c62f3e4b8f183f6c586b032) Importer(815301076,1909f56bfc062723c751e8b465ee728b)
Number of updated assets reloaded before import = 0
Start importing Assets/Standard Assets/Effects/ImageEffects/Textures/RandomVectors.png using Guid(a181ca8e3c62f3e4b8f183f6c586b032) Importer(815301076,1909f56bfc062723c751e8b465ee728b)  -> (artifact id: '3dc0c095f9bcfdca439ee9ff2fc2fbf5') in 0.033605 seconds 
Number of asset objects unloaded after import = 2
========================================================================
Received Import Request.
  Time since last request: 13.731295 seconds.
  path: Assets/Standard Assets/Effects/ImageEffects/Shaders/_DepthOfField
  artifactKey: Guid(a7ddc36608518124191e6b2c80992cf8) Importer(815301076,1909f56bfc062723c751e8b465ee728b)
Number of updated assets reloaded before import = 0
Start importing Assets/Standard Assets/Effects/ImageEffects/Shaders/_DepthOfField using Guid(a7ddc36608518124191e6b2c80992cf8) Importer(815301076,1909f56bfc062723c751e8b465ee728b)  -> (artifact id: 'f55a02ef9f0a1fb80b00fce437fc87c8') in 0.013093 seconds 
Number of asset objects unloaded after import = 0
========================================================================
Received Import Request.
  Time since last request: 7.487231 seconds.
  path: Assets/Standard Assets/Effects/ImageEffects/Materials
  artifactKey: Guid(e8ab6d823e7c6554999ae3f7df2b518a) Importer(815301076,1909f56bfc062723c751e8b465ee728b)
Number of updated assets reloaded before import = 0
Start importing Assets/Standard Assets/Effects/ImageEffects/Materials using Guid(e8ab6d823e7c6554999ae3f7df2b518a) Importer(815301076,1909f56bfc062723c751e8b465ee728b)  -> (artifact id: '839d9ca4cbf9652a90bf39b08cea87ac') in 0.019407 seconds 
Number of asset objects unloaded after import = 0
========================================================================
Received Import Request.
  Time since last request: 0.143100 seconds.
  path: Assets/Standard Assets/Effects/ImageEffects/Materials/RandomVectors.mat
  artifactKey: Guid(89e0c2709fe93d349b776c5f81506cb5) Importer(815301076,1909f56bfc062723c751e8b465ee728b)
Number of updated assets reloaded before import = 0
Start importing Assets/Standard Assets/Effects/ImageEffects/Materials/RandomVectors.mat using Guid(89e0c2709fe93d349b776c5f81506cb5) Importer(815301076,1909f56bfc062723c751e8b465ee728b)  -> (artifact id: 'ac5a31ce85712755f8bd99402b6aa1d7') in 0.030209 seconds 
Number of asset objects unloaded after import = 2
========================================================================
Received Prepare
Registering precompiled user dll's ...
Registered in 0.004700 seconds.
Begin MonoManager ReloadAssembly
Native extension for WindowsStandalone target not found
Refreshing native plugins compatible for Editor in 1.19 ms, found 3 plugins.
Preloading 0 native plugins for Editor in 0.00 ms.
[Package Manager] Server::EnsureServerProcessIsRunning -- launch failed, reason: Unity was launched with the -noUpm command-line argument
[Package Manager] Cannot connect to Unity Package Manager local server
Mono: successfully reloaded assembly
- Completed reload, in  2.157 seconds
Domain Reload Profiling:
	ReloadAssembly (2157ms)
		BeginReloadAssembly (308ms)
			ExecutionOrderSort (0ms)
			DisableScriptedObjects (6ms)
			BackupInstance (0ms)
			ReleaseScriptingObjects (0ms)
			CreateAndSetChildDomain (62ms)
		EndReloadAssembly (1633ms)
			LoadAssemblies (215ms)
			RebuildTransferFunctionScriptingTraits (0ms)
			SetupTypeCache (523ms)
			ReleaseScriptCaches (3ms)
			RebuildScriptCaches (75ms)
			SetupLoadedEditorAssemblies (847ms)
				LogAssemblyErrors (0ms)
				InitializePlatformSupportModulesInManaged (9ms)
				SetLoadedEditorAssemblies (1ms)
				RefreshPlugins (1ms)
				BeforeProcessingInitializeOnLoad (86ms)
				ProcessInitializeOnLoadAttributes (714ms)
				ProcessInitializeOnLoadMethodAttributes (26ms)
				AfterProcessingInitializeOnLoad (8ms)
				EditorAssembliesLoaded (0ms)
			ExecutionOrderSort2 (0ms)
			AwakeInstancesAfterBackupRestoration (8ms)
Platform modules already initialized, skipping
Refreshing native plugins compatible for Editor in 0.94 ms, found 3 plugins.
Preloading 0 native plugins for Editor in 0.00 ms.
Unloading 3441 Unused Serialized files (Serialized files now loaded: 0)
Unloading 18 unused Assets / (22.0 KB). Loaded Objects now: 3968.
Memory consumption went from 128.6 MB to 128.6 MB.
Total: 5.330700 ms (FindLiveObjects: 0.588000 ms CreateObjectMapping: 0.375100 ms MarkObjects: 4.313600 ms  DeleteObjects: 0.048900 ms)

AssetImportParameters requested are different than current active one (requested -> active):
  custom:video-decoder-ogg-theora: a1e56fd34408186e4bbccfd4996cb3dc -> 
  custom:container-muxer-webm: aa71ff27fc2769a1b78a27578f13a17b -> 
  custom:container-demuxer-webm: 4f35f7cbe854078d1ac9338744f61a02 -> 
  custom:video-encoder-webm-vp8: eb34c28f22e8b96e1ab97ce403110664 -> 
  custom:video-codec-MediaFoundation-h265: 746d11721c4dcdbdad8f713fa42b33f4 -> 
  custom:CustomObjectIndexerAttribute: bc11b3a6c3213fcdd17b65e7da85e133 -> 
  custom:audio-encoder-webm-vorbis: bf7c407c2cedff20999df2af8eb42d56 -> 
  custom:framework-win-MediaFoundation: 216162199b28c13a410421893ffa2e32 -> 
  custom:SearchIndexIgnoredProperties: e643bd26f0fe6173181afceb89e7c659 -> 
  custom:container-demuxer-ogg: 62fdf1f143b41e24485cea50d1cbac27 -> 
  custom:video-decoder-webm-vp8: 9c59270c3fd7afecdb556c50c9e8de78 -> 
  custom:audio-decoder-ogg-vorbis: bf7c407c2cedff20999df2af8eb42d56 -> 
========================================================================
Received Import Request.
  Time since last request: 40.396049 seconds.
  path: Assets/PolarizedPlatformPack/Materials/boxMetal.mat
  artifactKey: Guid(775dd049db2625f41b343db5d0d6935b) Importer(815301076,1909f56bfc062723c751e8b465ee728b)
Number of updated assets reloaded before import = 0
Start importing Assets/PolarizedPlatformPack/Materials/boxMetal.mat using Guid(775dd049db2625f41b343db5d0d6935b) Importer(815301076,1909f56bfc062723c751e8b465ee728b)  -> (artifact id: 'b478d9cd290bcde152ffbfe170e32a94') in 0.165885 seconds 
Number of asset objects unloaded after import = 1
========================================================================
Received Import Request.
  Time since last request: 0.000034 seconds.
  path: Assets/PolarizedPlatformPack/Materials/deciduoustree1_Leaves.mat
  artifactKey: Guid(b31a863fc1ca3bd49a2d484afd7a8865) Importer(815301076,1909f56bfc062723c751e8b465ee728b)
Number of updated assets reloaded before import = 0
Start importing Assets/PolarizedPlatformPack/Materials/deciduoustree1_Leaves.mat using Guid(b31a863fc1ca3bd49a2d484afd7a8865) Importer(815301076,1909f56bfc062723c751e8b465ee728b)  -> (artifact id: '1cd89409b5f18f5371f28566d9381369') in 0.033598 seconds 
Number of asset objects unloaded after import = 1
========================================================================
Received Import Request.
  Time since last request: 0.000039 seconds.
  path: Assets/PolarizedPlatformPack/Materials/platform_Ground1.mat
  artifactKey: Guid(a0b281d4cb188ac4096d049f864a8c99) Importer(815301076,1909f56bfc062723c751e8b465ee728b)
Number of updated assets reloaded before import = 0
Start importing Assets/PolarizedPlatformPack/Materials/platform_Ground1.mat using Guid(a0b281d4cb188ac4096d049f864a8c99) Importer(815301076,1909f56bfc062723c751e8b465ee728b)  -> (artifact id: 'f8a13bbd55b5fb6e4ea6578c15983441') in 0.021254 seconds 
Number of asset objects unloaded after import = 1
========================================================================
Received Import Request.
  Time since last request: 0.000029 seconds.
  path: Assets/PolarizedPlatformPack/Materials/deciduoustree4_Tribe2.mat
  artifactKey: Guid(a6365e5375e7c344587789ec5eabe9f9) Importer(815301076,1909f56bfc062723c751e8b465ee728b)
Number of updated assets reloaded before import = 0
Start importing Assets/PolarizedPlatformPack/Materials/deciduoustree4_Tribe2.mat using Guid(a6365e5375e7c344587789ec5eabe9f9) Importer(815301076,1909f56bfc062723c751e8b465ee728b)  -> (artifact id: '5309926fa9975e1f9bb59a6f5e634e79') in 0.023364 seconds 
Number of asset objects unloaded after import = 1
========================================================================
Received Import Request.
  Time since last request: 0.000029 seconds.
  path: Assets/PolarizedPlatformPack/Materials/deciduoustree3_Tribe.mat
  artifactKey: Guid(4f5667479c1ca0a48823d0b30b3e2ad9) Importer(815301076,1909f56bfc062723c751e8b465ee728b)
Number of updated assets reloaded before import = 0
Start importing Assets/PolarizedPlatformPack/Materials/deciduoustree3_Tribe.mat using Guid(4f5667479c1ca0a48823d0b30b3e2ad9) Importer(815301076,1909f56bfc062723c751e8b465ee728b)  -> (artifact id: '096ab61886bc7bc0d3933996619a779b') in 0.022992 seconds 
Number of asset objects unloaded after import = 1
========================================================================
Received Import Request.
  Time since last request: 0.000030 seconds.
  path: Assets/PolarizedPlatformPack/Materials/stone3.mat
  artifactKey: Guid(7e66a812ffd3a4542893a9438531af42) Importer(815301076,1909f56bfc062723c751e8b465ee728b)
Number of updated assets reloaded before import = 0
Start importing Assets/PolarizedPlatformPack/Materials/stone3.mat using Guid(7e66a812ffd3a4542893a9438531af42) Importer(815301076,1909f56bfc062723c751e8b465ee728b)  -> (artifact id: '7cc40670285179b88aa718ca302e830c') in 0.024319 seconds 
Number of asset objects unloaded after import = 1
========================================================================
Received Import Request.
  Time since last request: 0.000034 seconds.
  path: Assets/PolarizedPlatformPack/Materials/deciduoustree4_Tribe1.mat
  artifactKey: Guid(2f31ac2fbcf4b4941a0ac5b6baafbcee) Importer(815301076,1909f56bfc062723c751e8b465ee728b)
Number of updated assets reloaded before import = 0
Start importing Assets/PolarizedPlatformPack/Materials/deciduoustree4_Tribe1.mat using Guid(2f31ac2fbcf4b4941a0ac5b6baafbcee) Importer(815301076,1909f56bfc062723c751e8b465ee728b)  -> (artifact id: '67d6720cf72fb15e594ec1930eda7dcb') in 0.021760 seconds 
Number of asset objects unloaded after import = 1
========================================================================
Received Import Request.
  Time since last request: 0.000030 seconds.
  path: Assets/PolarizedPlatformPack/Materials/stone1.mat
  artifactKey: Guid(87e6dcd981d32fa4ba5233067f07e480) Importer(815301076,1909f56bfc062723c751e8b465ee728b)
Number of updated assets reloaded before import = 0
Start importing Assets/PolarizedPlatformPack/Materials/stone1.mat using Guid(87e6dcd981d32fa4ba5233067f07e480) Importer(815301076,1909f56bfc062723c751e8b465ee728b)  -> (artifact id: '176cab0a0be6b99c780435041775e721') in 0.022498 seconds 
Number of asset objects unloaded after import = 1
========================================================================
Received Import Request.
  Time since last request: 0.000031 seconds.
  path: Assets/PolarizedPlatformPack/Materials/deciduoustree2_Leaves.mat
  artifactKey: Guid(51c832fe8d2014c4989eea133f57eba8) Importer(815301076,1909f56bfc062723c751e8b465ee728b)
Number of updated assets reloaded before import = 0
Start importing Assets/PolarizedPlatformPack/Materials/deciduoustree2_Leaves.mat using Guid(51c832fe8d2014c4989eea133f57eba8) Importer(815301076,1909f56bfc062723c751e8b465ee728b)  -> (artifact id: 'a13f06020db6e332fbdd435d2c47a99f') in 0.027070 seconds 
Number of asset objects unloaded after import = 1
========================================================================
Received Import Request.
  Time since last request: 0.000026 seconds.
  path: Assets/PolarizedPlatformPack/Materials/platform_Grass.mat
  artifactKey: Guid(14149ac6207fadd4ab12cd380ceae788) Importer(815301076,1909f56bfc062723c751e8b465ee728b)
Number of updated assets reloaded before import = 0
Start importing Assets/PolarizedPlatformPack/Materials/platform_Grass.mat using Guid(14149ac6207fadd4ab12cd380ceae788) Importer(815301076,1909f56bfc062723c751e8b465ee728b)  -> (artifact id: 'd8ce2c472c408aedf8dd53d95f969c40') in 0.023594 seconds 
Number of asset objects unloaded after import = 1
========================================================================
Received Import Request.
  Time since last request: 0.000028 seconds.
  path: Assets/PolarizedPlatformPack/Materials/cloud.mat
  artifactKey: Guid(97ebec5d035a2184ab149ca802a6f626) Importer(815301076,1909f56bfc062723c751e8b465ee728b)
Number of updated assets reloaded before import = 0
Start importing Assets/PolarizedPlatformPack/Materials/cloud.mat using Guid(97ebec5d035a2184ab149ca802a6f626) Importer(815301076,1909f56bfc062723c751e8b465ee728b)  -> (artifact id: 'f7e2e1b1cc53990ec12020c15e63239d') in 0.020578 seconds 
Number of asset objects unloaded after import = 1
========================================================================
Received Import Request.
  Time since last request: 2.505324 seconds.
  path: Assets/PolarizedPlatformPack/Models/box.fbx
  artifactKey: Guid(1f203d3d33d89234aa7ae161406a2678) Importer(815301076,1909f56bfc062723c751e8b465ee728b)
Number of updated assets reloaded before import = 0
Start importing Assets/PolarizedPlatformPack/Models/box.fbx using Guid(1f203d3d33d89234aa7ae161406a2678) Importer(815301076,1909f56bfc062723c751e8b465ee728b)  -> (artifact id: 'f6396d9084c8ca32f05372ef2d8cb3a6') in 0.054727 seconds 
Number of asset objects unloaded after import = 11
========================================================================
Received Import Request.
  Time since last request: 0.000026 seconds.
  path: Assets/PolarizedPlatformPack/Models/fenceend.fbx
  artifactKey: Guid(30178f96980e4fc44914f5f5491b3241) Importer(815301076,1909f56bfc062723c751e8b465ee728b)
Number of updated assets reloaded before import = 0
Start importing Assets/PolarizedPlatformPack/Models/fenceend.fbx using Guid(30178f96980e4fc44914f5f5491b3241) Importer(815301076,1909f56bfc062723c751e8b465ee728b)  -> (artifact id: '3685e6c71774c06b291a5529b546a625') in 0.030641 seconds 
Number of asset objects unloaded after import = 10
========================================================================
Received Import Request.
  Time since last request: 0.000048 seconds.
  path: Assets/PolarizedPlatformPack/Models/coin.fbx
  artifactKey: Guid(e75922adbbc88b34aa5a367aedda0536) Importer(815301076,1909f56bfc062723c751e8b465ee728b)
Number of updated assets reloaded before import = 0
Start importing Assets/PolarizedPlatformPack/Models/coin.fbx using Guid(e75922adbbc88b34aa5a367aedda0536) Importer(815301076,1909f56bfc062723c751e8b465ee728b)  -> (artifact id: 'ebc6e2eac1a537bb13d611f948304516') in 0.023951 seconds 
Number of asset objects unloaded after import = 11
========================================================================
Received Import Request.
  Time since last request: 0.000026 seconds.
  path: Assets/PolarizedPlatformPack/Models/pinetree.fbx
  artifactKey: Guid(6d18abe76f124af4e81e803d1cebebcb) Importer(815301076,1909f56bfc062723c751e8b465ee728b)
Number of updated assets reloaded before import = 0
Start importing Assets/PolarizedPlatformPack/Models/pinetree.fbx using Guid(6d18abe76f124af4e81e803d1cebebcb) Importer(815301076,1909f56bfc062723c751e8b465ee728b)  -> (artifact id: 'a520a4669ce8eca2846cd828334a5754') in 0.029203 seconds 
Number of asset objects unloaded after import = 11
========================================================================
Received Import Request.
  Time since last request: 0.000026 seconds.
  path: Assets/PolarizedPlatformPack/Models/deciduoustree4.fbx
  artifactKey: Guid(ac114d285df706248af2741b6f52e646) Importer(815301076,1909f56bfc062723c751e8b465ee728b)
Number of updated assets reloaded before import = 0
Start importing Assets/PolarizedPlatformPack/Models/deciduoustree4.fbx using Guid(ac114d285df706248af2741b6f52e646) Importer(815301076,1909f56bfc062723c751e8b465ee728b)  -> (artifact id: '152868176e2197c7f5ce1f68dcd70986') in 0.033557 seconds 
Number of asset objects unloaded after import = 11
========================================================================
Received Import Request.
  Time since last request: 0.000063 seconds.
  path: Assets/PolarizedPlatformPack/Models/deciduoustree2.fbx
  artifactKey: Guid(30aea9a82218d9a41922cc0cc607bba4) Importer(815301076,1909f56bfc062723c751e8b465ee728b)
Number of updated assets reloaded before import = 0
Start importing Assets/PolarizedPlatformPack/Models/deciduoustree2.fbx using Guid(30aea9a82218d9a41922cc0cc607bba4) Importer(815301076,1909f56bfc062723c751e8b465ee728b)  -> (artifact id: 'd0d4311fca60a6d2157761d6449fb722') in 0.030372 seconds 
Number of asset objects unloaded after import = 11
========================================================================
Received Import Request.
  Time since last request: 0.000134 seconds.
  path: Assets/PolarizedPlatformPack/Models/deciduoustree3.fbx
  artifactKey: Guid(55d8f651bca823941b2dfaaa1c488cf2) Importer(815301076,1909f56bfc062723c751e8b465ee728b)
Number of updated assets reloaded before import = 0
Start importing Assets/PolarizedPlatformPack/Models/deciduoustree3.fbx using Guid(55d8f651bca823941b2dfaaa1c488cf2) Importer(815301076,1909f56bfc062723c751e8b465ee728b)  -> (artifact id: '4c464cf5f9a8316206ee1643021fc26e') in 0.035730 seconds 
Number of asset objects unloaded after import = 10
Editor requested this worker to shutdown with reason: Scaling down because of idle timeout
AssetImportWorker is now disconnected from the server
Process exiting
Exiting without the bug reporter. Application will terminate with return code 0